<?xml version="1.0" encoding="UTF-8"?>
<!-- Generated by org.testng.reporters.JUnitReportReporter -->
<testsuite hostname="DESKTOP-LIU1G9N" failures="0" tests="3" name="tests.LoginTest" time="48.736" errors="0" timestamp="2024-12-21T08:29:43 IST" skipped="0">
  <testcase classname="tests.LoginTest" name="testValidLogin" time="4.530"/>
  <testcase classname="tests.LoginTest" name="testValidLogin" time="37.563"/>
  <testcase classname="tests.LoginTest" name="testValidLogin" time="6.643"/>
</testsuite> <!-- tests.LoginTest -->
